{"timestamp":"2025-11-13T20:11:57.474024Z","level":"info","event":"DAG bundles loaded: dags-folder, example_dags","logger":"airflow.dag_processing.bundles.manager.DagBundlesManager","filename":"manager.py","lineno":179}
{"timestamp":"2025-11-13T20:11:57.475041Z","level":"info","event":"Filling up the DagBag from /opt/airflow/dags/outSchool.py","logger":"airflow.models.dagbag.DagBag","filename":"dagbag.py","lineno":593}
{"timestamp":"2025-11-13T20:11:57.582624Z","level":"info","event":"Task instance is in running state","logger":"task.stdout"}
{"timestamp":"2025-11-13T20:11:57.582840Z","level":"info","event":" Previous state of the Task instance: TaskInstanceState.QUEUED","logger":"task.stdout"}
{"timestamp":"2025-11-13T20:11:57.582907Z","level":"info","event":"Current task name:transform_lower_secondary","logger":"task.stdout"}
{"timestamp":"2025-11-13T20:11:57.582950Z","level":"info","event":"Dag name:out_school","logger":"task.stdout"}
{"timestamp":"2025-11-13T20:11:57.686826Z","level":"info","event":"Done. Returned value was:     ISO3 Countries and areas  ...   Data source Time period\n0    AFG         Afghanistan  ...      DHS 2015      2015.0\n1    ALB             Albania  ...   DHS 2017-18      2018.0\n2    DZA             Algeria  ...  MICS 2012-13      2013.0\n4    AGO              Angola  ...   DHS 2015-16      2016.0\n7    ARG           Argentina  ...  MICS 2011-12      2012.0\n..   ...                 ...  ...           ...         ...\n194  URY             Uruguay  ...  MICS 2012-13      2013.0\n198  VNM            Viet Nam  ...     MICS 2014      2014.0\n199  YEM               Yemen  ...      DHS 2013      2013.0\n200  ZMB              Zambia  ...      DHS 2018      2018.0\n201  ZWE            Zimbabwe  ...     MICS 2019      2019.0\n\n[110 rows x 17 columns]","logger":"airflow.task.operators.airflow.providers.standard.operators.python.PythonOperator","filename":"python.py","lineno":215}
{"timestamp":"2025-11-13T20:11:57.687493Z","level":"info","event":"Pushing xcom","ti":"RuntimeTaskInstance(id=UUID('019a7ed8-83dc-783d-ac3e-6150a95e6b99'), task_id='transform_lower_secondary', dag_id='out_school', run_id='scheduled__2025-11-13T00:00:00+00:00', try_number=1, dag_version_id=UUID('019a7ed6-cc84-72a6-8e7e-695bb27fea59'), map_index=-1, hostname='6ec4bc9843c4', context_carrier={}, task=<Task(PythonOperator): transform_lower_secondary>, bundle_instance=LocalDagBundle(name=dags-folder), max_tries=1, start_date=datetime.datetime(2025, 11, 13, 20, 11, 56, 964616, tzinfo=datetime.timezone.utc), end_date=None, state=<TaskInstanceState.RUNNING: 'running'>, is_mapped=False, rendered_map_index=None)","logger":"task","filename":"task_runner.py","lineno":1357}
{"timestamp":"2025-11-13T20:11:57.792197Z","level":"info","event":"Task instance in success state","logger":"task.stdout"}
{"timestamp":"2025-11-13T20:11:57.792474Z","level":"info","event":" Previous state of the Task instance: TaskInstanceState.RUNNING","logger":"task.stdout"}
{"timestamp":"2025-11-13T20:11:57.792686Z","level":"info","event":"Task operator:<Task(PythonOperator): transform_lower_secondary>","logger":"task.stdout"}
{"timestamp":"2025-11-13T20:36:19.224045Z","level":"info","event":"DAG bundles loaded: dags-folder, example_dags","logger":"airflow.dag_processing.bundles.manager.DagBundlesManager","filename":"manager.py","lineno":179}
{"timestamp":"2025-11-13T20:36:19.224811Z","level":"info","event":"Filling up the DagBag from /opt/airflow/dags/outSchool.py","logger":"airflow.models.dagbag.DagBag","filename":"dagbag.py","lineno":593}
{"timestamp":"2025-11-13T20:36:19.346762Z","level":"info","event":"Task instance is in running state","logger":"task.stdout"}
{"timestamp":"2025-11-13T20:36:19.347114Z","level":"info","event":" Previous state of the Task instance: TaskInstanceState.QUEUED","logger":"task.stdout"}
{"timestamp":"2025-11-13T20:36:19.347295Z","level":"info","event":"Current task name:transform_lower_secondary","logger":"task.stdout"}
{"timestamp":"2025-11-13T20:36:19.347392Z","level":"info","event":"Dag name:out_school","logger":"task.stdout"}
{"timestamp":"2025-11-13T20:36:19.448904Z","level":"info","event":"Done. Returned value was:     ISO3 Countries and areas  ...   Data source Time period\n0    AFG         Afghanistan  ...      DHS 2015      2015.0\n1    ALB             Albania  ...   DHS 2017-18      2018.0\n2    DZA             Algeria  ...  MICS 2012-13      2013.0\n4    AGO              Angola  ...   DHS 2015-16      2016.0\n7    ARG           Argentina  ...  MICS 2011-12      2012.0\n..   ...                 ...  ...           ...         ...\n194  URY             Uruguay  ...  MICS 2012-13      2013.0\n198  VNM            Viet Nam  ...     MICS 2014      2014.0\n199  YEM               Yemen  ...      DHS 2013      2013.0\n200  ZMB              Zambia  ...      DHS 2018      2018.0\n201  ZWE            Zimbabwe  ...     MICS 2019      2019.0\n\n[110 rows x 17 columns]","logger":"airflow.task.operators.airflow.providers.standard.operators.python.PythonOperator","filename":"python.py","lineno":215}
{"timestamp":"2025-11-13T20:36:19.449502Z","level":"info","event":"Pushing xcom","ti":"RuntimeTaskInstance(id=UUID('019a7eee-cfd1-7475-80e7-f1ef1e8c00ba'), task_id='transform_lower_secondary', dag_id='out_school', run_id='scheduled__2025-11-13T00:00:00+00:00', try_number=1, dag_version_id=UUID('019a7eed-4bc1-711d-85a7-e030b03b4122'), map_index=-1, hostname='7608345b85fc', context_carrier={}, task=<Task(PythonOperator): transform_lower_secondary>, bundle_instance=LocalDagBundle(name=dags-folder), max_tries=1, start_date=datetime.datetime(2025, 11, 13, 20, 36, 18, 743801, tzinfo=datetime.timezone.utc), end_date=None, state=<TaskInstanceState.RUNNING: 'running'>, is_mapped=False, rendered_map_index=None)","logger":"task","filename":"task_runner.py","lineno":1357}
{"timestamp":"2025-11-13T20:36:19.520796Z","level":"info","event":"Task instance in success state","logger":"task.stdout"}
{"timestamp":"2025-11-13T20:36:19.521133Z","level":"info","event":" Previous state of the Task instance: TaskInstanceState.RUNNING","logger":"task.stdout"}
{"timestamp":"2025-11-13T20:36:19.521325Z","level":"info","event":"Task operator:<Task(PythonOperator): transform_lower_secondary>","logger":"task.stdout"}
{"timestamp":"2025-11-13T23:00:44.731153Z","level":"info","event":"DAG bundles loaded: dags-folder, example_dags","logger":"airflow.dag_processing.bundles.manager.DagBundlesManager","filename":"manager.py","lineno":179}
{"timestamp":"2025-11-13T23:00:44.732208Z","level":"info","event":"Filling up the DagBag from /opt/airflow/dags/outSchool.py","logger":"airflow.models.dagbag.DagBag","filename":"dagbag.py","lineno":593}
{"timestamp":"2025-11-13T23:00:44.843989Z","level":"info","event":"Task instance is in running state","logger":"task.stdout"}
{"timestamp":"2025-11-13T23:00:44.844222Z","level":"info","event":" Previous state of the Task instance: TaskInstanceState.QUEUED","logger":"task.stdout"}
{"timestamp":"2025-11-13T23:00:44.844845Z","level":"info","event":"Current task name:transform_lower_secondary","logger":"task.stdout"}
{"timestamp":"2025-11-13T23:00:44.845080Z","level":"info","event":"Dag name:out_school","logger":"task.stdout"}
{"timestamp":"2025-11-13T23:00:44.984288Z","level":"info","event":"Done. Returned value was:     ISO3 Countries and areas  ...   Data source Time period\n0    AFG         Afghanistan  ...      DHS 2015      2015.0\n1    ALB             Albania  ...   DHS 2017-18      2018.0\n2    DZA             Algeria  ...  MICS 2012-13      2013.0\n4    AGO              Angola  ...   DHS 2015-16      2016.0\n7    ARG           Argentina  ...  MICS 2011-12      2012.0\n..   ...                 ...  ...           ...         ...\n194  URY             Uruguay  ...  MICS 2012-13      2013.0\n198  VNM            Viet Nam  ...     MICS 2014      2014.0\n199  YEM               Yemen  ...      DHS 2013      2013.0\n200  ZMB              Zambia  ...      DHS 2018      2018.0\n201  ZWE            Zimbabwe  ...     MICS 2019      2019.0\n\n[110 rows x 17 columns]","logger":"airflow.task.operators.airflow.providers.standard.operators.python.PythonOperator","filename":"python.py","lineno":215}
{"timestamp":"2025-11-13T23:00:44.984783Z","level":"info","event":"Pushing xcom","ti":"RuntimeTaskInstance(id=UUID('019a7f73-0ead-7607-94a4-80a0955e89e4'), task_id='transform_lower_secondary', dag_id='out_school', run_id='scheduled__2025-11-13T00:00:00+00:00', try_number=1, dag_version_id=UUID('019a7f71-8f88-7c8b-9d85-16bedc3979af'), map_index=-1, hostname='4444cce162f7', context_carrier={}, task=<Task(PythonOperator): transform_lower_secondary>, bundle_instance=LocalDagBundle(name=dags-folder), max_tries=1, start_date=datetime.datetime(2025, 11, 13, 23, 0, 45, 452886, tzinfo=datetime.timezone.utc), end_date=None, state=<TaskInstanceState.RUNNING: 'running'>, is_mapped=False, rendered_map_index=None)","logger":"task","filename":"task_runner.py","lineno":1357}
{"timestamp":"2025-11-13T23:00:45.101222Z","level":"info","event":"Task instance in success state","logger":"task.stdout"}
{"timestamp":"2025-11-13T23:00:45.101581Z","level":"info","event":" Previous state of the Task instance: TaskInstanceState.RUNNING","logger":"task.stdout"}
{"timestamp":"2025-11-13T23:00:45.101651Z","level":"info","event":"Task operator:<Task(PythonOperator): transform_lower_secondary>","logger":"task.stdout"}
