{"timestamp":"2025-11-13T20:11:57.469026Z","level":"info","event":"DAG bundles loaded: dags-folder, example_dags","logger":"airflow.dag_processing.bundles.manager.DagBundlesManager","filename":"manager.py","lineno":179}
{"timestamp":"2025-11-13T20:11:57.470877Z","level":"info","event":"Filling up the DagBag from /opt/airflow/dags/outSchool.py","logger":"airflow.models.dagbag.DagBag","filename":"dagbag.py","lineno":593}
{"timestamp":"2025-11-13T20:11:57.586774Z","level":"info","event":"Task instance is in running state","logger":"task.stdout"}
{"timestamp":"2025-11-13T20:11:57.587037Z","level":"info","event":" Previous state of the Task instance: TaskInstanceState.QUEUED","logger":"task.stdout"}
{"timestamp":"2025-11-13T20:11:57.587189Z","level":"info","event":"Current task name:transform_primary","logger":"task.stdout"}
{"timestamp":"2025-11-13T20:11:57.587270Z","level":"info","event":"Dag name:out_school","logger":"task.stdout"}
{"timestamp":"2025-11-13T20:11:57.697844Z","level":"info","event":"Done. Returned value was:     ISO3 Countries and areas  ...   Data source Time period\n0    AFG         Afghanistan  ...      DHS 2015      2015.0\n1    ALB             Albania  ...   DHS 2017-18      2018.0\n2    DZA             Algeria  ...  MICS 2012-13      2013.0\n4    AGO              Angola  ...   DHS 2015-16      2016.0\n7    ARG           Argentina  ...  MICS 2011-12      2012.0\n..   ...                 ...  ...           ...         ...\n194  URY             Uruguay  ...  MICS 2012-13      2013.0\n198  VNM            Viet Nam  ...     MICS 2014      2014.0\n199  YEM               Yemen  ...      DHS 2013      2013.0\n200  ZMB              Zambia  ...      DHS 2018      2018.0\n201  ZWE            Zimbabwe  ...     MICS 2019      2019.0\n\n[112 rows x 17 columns]","logger":"airflow.task.operators.airflow.providers.standard.operators.python.PythonOperator","filename":"python.py","lineno":215}
{"timestamp":"2025-11-13T20:11:57.698537Z","level":"info","event":"Pushing xcom","ti":"RuntimeTaskInstance(id=UUID('019a7ed8-83db-7a34-9f7d-8c887f38ace8'), task_id='transform_primary', dag_id='out_school', run_id='scheduled__2025-11-13T00:00:00+00:00', try_number=1, dag_version_id=UUID('019a7ed6-cc84-72a6-8e7e-695bb27fea59'), map_index=-1, hostname='6ec4bc9843c4', context_carrier={}, task=<Task(PythonOperator): transform_primary>, bundle_instance=LocalDagBundle(name=dags-folder), max_tries=1, start_date=datetime.datetime(2025, 11, 13, 20, 11, 56, 956733, tzinfo=datetime.timezone.utc), end_date=None, state=<TaskInstanceState.RUNNING: 'running'>, is_mapped=False, rendered_map_index=None)","logger":"task","filename":"task_runner.py","lineno":1357}
{"timestamp":"2025-11-13T20:11:57.788155Z","level":"info","event":"Task instance in success state","logger":"task.stdout"}
{"timestamp":"2025-11-13T20:11:57.788329Z","level":"info","event":" Previous state of the Task instance: TaskInstanceState.RUNNING","logger":"task.stdout"}
{"timestamp":"2025-11-13T20:11:57.788692Z","level":"info","event":"Task operator:<Task(PythonOperator): transform_primary>","logger":"task.stdout"}
{"timestamp":"2025-11-13T20:36:19.154813Z","level":"info","event":"DAG bundles loaded: dags-folder, example_dags","logger":"airflow.dag_processing.bundles.manager.DagBundlesManager","filename":"manager.py","lineno":179}
{"timestamp":"2025-11-13T20:36:19.155486Z","level":"info","event":"Filling up the DagBag from /opt/airflow/dags/outSchool.py","logger":"airflow.models.dagbag.DagBag","filename":"dagbag.py","lineno":593}
{"timestamp":"2025-11-13T20:36:19.220944Z","level":"info","event":"Task instance is in running state","logger":"task.stdout"}
{"timestamp":"2025-11-13T20:36:19.221221Z","level":"info","event":" Previous state of the Task instance: TaskInstanceState.QUEUED","logger":"task.stdout"}
{"timestamp":"2025-11-13T20:36:19.221407Z","level":"info","event":"Current task name:transform_primary","logger":"task.stdout"}
{"timestamp":"2025-11-13T20:36:19.221507Z","level":"info","event":"Dag name:out_school","logger":"task.stdout"}
{"timestamp":"2025-11-13T20:36:19.375073Z","level":"info","event":"Done. Returned value was:     ISO3 Countries and areas  ...   Data source Time period\n0    AFG         Afghanistan  ...      DHS 2015      2015.0\n1    ALB             Albania  ...   DHS 2017-18      2018.0\n2    DZA             Algeria  ...  MICS 2012-13      2013.0\n4    AGO              Angola  ...   DHS 2015-16      2016.0\n7    ARG           Argentina  ...  MICS 2011-12      2012.0\n..   ...                 ...  ...           ...         ...\n194  URY             Uruguay  ...  MICS 2012-13      2013.0\n198  VNM            Viet Nam  ...     MICS 2014      2014.0\n199  YEM               Yemen  ...      DHS 2013      2013.0\n200  ZMB              Zambia  ...      DHS 2018      2018.0\n201  ZWE            Zimbabwe  ...     MICS 2019      2019.0\n\n[112 rows x 17 columns]","logger":"airflow.task.operators.airflow.providers.standard.operators.python.PythonOperator","filename":"python.py","lineno":215}
{"timestamp":"2025-11-13T20:36:19.375499Z","level":"info","event":"Pushing xcom","ti":"RuntimeTaskInstance(id=UUID('019a7eee-cfd0-7f90-ba3f-19469c6803c6'), task_id='transform_primary', dag_id='out_school', run_id='scheduled__2025-11-13T00:00:00+00:00', try_number=1, dag_version_id=UUID('019a7eed-4bc1-711d-85a7-e030b03b4122'), map_index=-1, hostname='7608345b85fc', context_carrier={}, task=<Task(PythonOperator): transform_primary>, bundle_instance=LocalDagBundle(name=dags-folder), max_tries=1, start_date=datetime.datetime(2025, 11, 13, 20, 36, 18, 721794, tzinfo=datetime.timezone.utc), end_date=None, state=<TaskInstanceState.RUNNING: 'running'>, is_mapped=False, rendered_map_index=None)","logger":"task","filename":"task_runner.py","lineno":1357}
{"timestamp":"2025-11-13T20:36:19.455092Z","level":"info","event":"Task instance in success state","logger":"task.stdout"}
{"timestamp":"2025-11-13T20:36:19.455640Z","level":"info","event":" Previous state of the Task instance: TaskInstanceState.RUNNING","logger":"task.stdout"}
{"timestamp":"2025-11-13T20:36:19.455920Z","level":"info","event":"Task operator:<Task(PythonOperator): transform_primary>","logger":"task.stdout"}
{"timestamp":"2025-11-13T23:00:44.755921Z","level":"info","event":"DAG bundles loaded: dags-folder, example_dags","logger":"airflow.dag_processing.bundles.manager.DagBundlesManager","filename":"manager.py","lineno":179}
{"timestamp":"2025-11-13T23:00:44.756660Z","level":"info","event":"Filling up the DagBag from /opt/airflow/dags/outSchool.py","logger":"airflow.models.dagbag.DagBag","filename":"dagbag.py","lineno":593}
{"timestamp":"2025-11-13T23:00:44.863832Z","level":"info","event":"Task instance is in running state","logger":"task.stdout"}
{"timestamp":"2025-11-13T23:00:44.864139Z","level":"info","event":" Previous state of the Task instance: TaskInstanceState.QUEUED","logger":"task.stdout"}
{"timestamp":"2025-11-13T23:00:44.864755Z","level":"info","event":"Current task name:transform_primary","logger":"task.stdout"}
{"timestamp":"2025-11-13T23:00:44.864937Z","level":"info","event":"Dag name:out_school","logger":"task.stdout"}
{"timestamp":"2025-11-13T23:00:45.000237Z","level":"info","event":"Done. Returned value was:     ISO3 Countries and areas  ...   Data source Time period\n0    AFG         Afghanistan  ...      DHS 2015      2015.0\n1    ALB             Albania  ...   DHS 2017-18      2018.0\n2    DZA             Algeria  ...  MICS 2012-13      2013.0\n4    AGO              Angola  ...   DHS 2015-16      2016.0\n7    ARG           Argentina  ...  MICS 2011-12      2012.0\n..   ...                 ...  ...           ...         ...\n194  URY             Uruguay  ...  MICS 2012-13      2013.0\n198  VNM            Viet Nam  ...     MICS 2014      2014.0\n199  YEM               Yemen  ...      DHS 2013      2013.0\n200  ZMB              Zambia  ...      DHS 2018      2018.0\n201  ZWE            Zimbabwe  ...     MICS 2019      2019.0\n\n[112 rows x 17 columns]","logger":"airflow.task.operators.airflow.providers.standard.operators.python.PythonOperator","filename":"python.py","lineno":215}
{"timestamp":"2025-11-13T23:00:45.000699Z","level":"info","event":"Pushing xcom","ti":"RuntimeTaskInstance(id=UUID('019a7f73-0eac-7cf9-9ae4-f4b010bc4f5f'), task_id='transform_primary', dag_id='out_school', run_id='scheduled__2025-11-13T00:00:00+00:00', try_number=1, dag_version_id=UUID('019a7f71-8f88-7c8b-9d85-16bedc3979af'), map_index=-1, hostname='4444cce162f7', context_carrier={}, task=<Task(PythonOperator): transform_primary>, bundle_instance=LocalDagBundle(name=dags-folder), max_tries=1, start_date=datetime.datetime(2025, 11, 13, 23, 0, 45, 461683, tzinfo=datetime.timezone.utc), end_date=None, state=<TaskInstanceState.RUNNING: 'running'>, is_mapped=False, rendered_map_index=None)","logger":"task","filename":"task_runner.py","lineno":1357}
{"timestamp":"2025-11-13T23:00:45.107381Z","level":"info","event":"Task instance in success state","logger":"task.stdout"}
{"timestamp":"2025-11-13T23:00:45.107851Z","level":"info","event":" Previous state of the Task instance: TaskInstanceState.RUNNING","logger":"task.stdout"}
{"timestamp":"2025-11-13T23:00:45.108196Z","level":"info","event":"Task operator:<Task(PythonOperator): transform_primary>","logger":"task.stdout"}
