{"timestamp":"2025-11-13T20:11:57.475812Z","level":"info","event":"DAG bundles loaded: dags-folder, example_dags","logger":"airflow.dag_processing.bundles.manager.DagBundlesManager","filename":"manager.py","lineno":179}
{"timestamp":"2025-11-13T20:11:57.477186Z","level":"info","event":"Filling up the DagBag from /opt/airflow/dags/outSchool.py","logger":"airflow.models.dagbag.DagBag","filename":"dagbag.py","lineno":593}
{"timestamp":"2025-11-13T20:11:57.590543Z","level":"info","event":"Task instance is in running state","logger":"task.stdout"}
{"timestamp":"2025-11-13T20:11:57.590706Z","level":"info","event":" Previous state of the Task instance: TaskInstanceState.QUEUED","logger":"task.stdout"}
{"timestamp":"2025-11-13T20:11:57.590825Z","level":"info","event":"Current task name:transform_upper_secondary","logger":"task.stdout"}
{"timestamp":"2025-11-13T20:11:57.590897Z","level":"info","event":"Dag name:out_school","logger":"task.stdout"}
{"timestamp":"2025-11-13T20:11:57.690924Z","level":"info","event":"Done. Returned value was:     ISO3 Countries and areas  ...   Data source Time period\n0    AFG         Afghanistan  ...      DHS 2015      2015.0\n1    ALB             Albania  ...   DHS 2017-18      2018.0\n2    DZA             Algeria  ...  MICS 2012-13      2013.0\n4    AGO              Angola  ...   DHS 2015-16      2016.0\n7    ARG           Argentina  ...  MICS 2011-12      2012.0\n..   ...                 ...  ...           ...         ...\n194  URY             Uruguay  ...  MICS 2012-13      2013.0\n198  VNM            Viet Nam  ...     MICS 2014      2014.0\n199  YEM               Yemen  ...      DHS 2013      2013.0\n200  ZMB              Zambia  ...      DHS 2018      2018.0\n201  ZWE            Zimbabwe  ...     MICS 2019      2019.0\n\n[108 rows x 17 columns]","logger":"airflow.task.operators.airflow.providers.standard.operators.python.PythonOperator","filename":"python.py","lineno":215}
{"timestamp":"2025-11-13T20:11:57.691667Z","level":"info","event":"Pushing xcom","ti":"RuntimeTaskInstance(id=UUID('019a7ed8-83dd-7194-9296-fe30b28b8b7f'), task_id='transform_upper_secondary', dag_id='out_school', run_id='scheduled__2025-11-13T00:00:00+00:00', try_number=1, dag_version_id=UUID('019a7ed6-cc84-72a6-8e7e-695bb27fea59'), map_index=-1, hostname='6ec4bc9843c4', context_carrier={}, task=<Task(PythonOperator): transform_upper_secondary>, bundle_instance=LocalDagBundle(name=dags-folder), max_tries=1, start_date=datetime.datetime(2025, 11, 13, 20, 11, 56, 964601, tzinfo=datetime.timezone.utc), end_date=None, state=<TaskInstanceState.RUNNING: 'running'>, is_mapped=False, rendered_map_index=None)","logger":"task","filename":"task_runner.py","lineno":1357}
{"timestamp":"2025-11-13T20:11:57.798352Z","level":"info","event":"Task instance in success state","logger":"task.stdout"}
{"timestamp":"2025-11-13T20:11:57.798543Z","level":"info","event":" Previous state of the Task instance: TaskInstanceState.RUNNING","logger":"task.stdout"}
{"timestamp":"2025-11-13T20:11:57.798648Z","level":"info","event":"Task operator:<Task(PythonOperator): transform_upper_secondary>","logger":"task.stdout"}
{"timestamp":"2025-11-13T20:36:19.273851Z","level":"info","event":"DAG bundles loaded: dags-folder, example_dags","logger":"airflow.dag_processing.bundles.manager.DagBundlesManager","filename":"manager.py","lineno":179}
{"timestamp":"2025-11-13T20:36:19.274629Z","level":"info","event":"Filling up the DagBag from /opt/airflow/dags/outSchool.py","logger":"airflow.models.dagbag.DagBag","filename":"dagbag.py","lineno":593}
{"timestamp":"2025-11-13T20:36:19.388563Z","level":"info","event":"Task instance is in running state","logger":"task.stdout"}
{"timestamp":"2025-11-13T20:36:19.388825Z","level":"info","event":" Previous state of the Task instance: TaskInstanceState.QUEUED","logger":"task.stdout"}
{"timestamp":"2025-11-13T20:36:19.389031Z","level":"info","event":"Current task name:transform_upper_secondary","logger":"task.stdout"}
{"timestamp":"2025-11-13T20:36:19.389092Z","level":"info","event":"Dag name:out_school","logger":"task.stdout"}
{"timestamp":"2025-11-13T20:36:19.483149Z","level":"info","event":"Done. Returned value was:     ISO3 Countries and areas  ...   Data source Time period\n0    AFG         Afghanistan  ...      DHS 2015      2015.0\n1    ALB             Albania  ...   DHS 2017-18      2018.0\n2    DZA             Algeria  ...  MICS 2012-13      2013.0\n4    AGO              Angola  ...   DHS 2015-16      2016.0\n7    ARG           Argentina  ...  MICS 2011-12      2012.0\n..   ...                 ...  ...           ...         ...\n194  URY             Uruguay  ...  MICS 2012-13      2013.0\n198  VNM            Viet Nam  ...     MICS 2014      2014.0\n199  YEM               Yemen  ...      DHS 2013      2013.0\n200  ZMB              Zambia  ...      DHS 2018      2018.0\n201  ZWE            Zimbabwe  ...     MICS 2019      2019.0\n\n[108 rows x 17 columns]","logger":"airflow.task.operators.airflow.providers.standard.operators.python.PythonOperator","filename":"python.py","lineno":215}
{"timestamp":"2025-11-13T20:36:19.483516Z","level":"info","event":"Pushing xcom","ti":"RuntimeTaskInstance(id=UUID('019a7eee-cfd2-71b8-8776-dab0c4a2367c'), task_id='transform_upper_secondary', dag_id='out_school', run_id='scheduled__2025-11-13T00:00:00+00:00', try_number=1, dag_version_id=UUID('019a7eed-4bc1-711d-85a7-e030b03b4122'), map_index=-1, hostname='7608345b85fc', context_carrier={}, task=<Task(PythonOperator): transform_upper_secondary>, bundle_instance=LocalDagBundle(name=dags-folder), max_tries=1, start_date=datetime.datetime(2025, 11, 13, 20, 36, 18, 734417, tzinfo=datetime.timezone.utc), end_date=None, state=<TaskInstanceState.RUNNING: 'running'>, is_mapped=False, rendered_map_index=None)","logger":"task","filename":"task_runner.py","lineno":1357}
{"timestamp":"2025-11-13T20:36:19.555464Z","level":"info","event":"Task instance in success state","logger":"task.stdout"}
{"timestamp":"2025-11-13T20:36:19.555734Z","level":"info","event":" Previous state of the Task instance: TaskInstanceState.RUNNING","logger":"task.stdout"}
{"timestamp":"2025-11-13T20:36:19.555929Z","level":"info","event":"Task operator:<Task(PythonOperator): transform_upper_secondary>","logger":"task.stdout"}
{"timestamp":"2025-11-13T23:00:44.718977Z","level":"info","event":"DAG bundles loaded: dags-folder, example_dags","logger":"airflow.dag_processing.bundles.manager.DagBundlesManager","filename":"manager.py","lineno":179}
{"timestamp":"2025-11-13T23:00:44.719650Z","level":"info","event":"Filling up the DagBag from /opt/airflow/dags/outSchool.py","logger":"airflow.models.dagbag.DagBag","filename":"dagbag.py","lineno":593}
{"timestamp":"2025-11-13T23:00:44.803463Z","level":"info","event":"Task instance is in running state","logger":"task.stdout"}
{"timestamp":"2025-11-13T23:00:44.803632Z","level":"info","event":" Previous state of the Task instance: TaskInstanceState.QUEUED","logger":"task.stdout"}
{"timestamp":"2025-11-13T23:00:44.803755Z","level":"info","event":"Current task name:transform_upper_secondary","logger":"task.stdout"}
{"timestamp":"2025-11-13T23:00:44.803809Z","level":"info","event":"Dag name:out_school","logger":"task.stdout"}
{"timestamp":"2025-11-13T23:00:44.971721Z","level":"info","event":"Done. Returned value was:     ISO3 Countries and areas  ...   Data source Time period\n0    AFG         Afghanistan  ...      DHS 2015      2015.0\n1    ALB             Albania  ...   DHS 2017-18      2018.0\n2    DZA             Algeria  ...  MICS 2012-13      2013.0\n4    AGO              Angola  ...   DHS 2015-16      2016.0\n7    ARG           Argentina  ...  MICS 2011-12      2012.0\n..   ...                 ...  ...           ...         ...\n194  URY             Uruguay  ...  MICS 2012-13      2013.0\n198  VNM            Viet Nam  ...     MICS 2014      2014.0\n199  YEM               Yemen  ...      DHS 2013      2013.0\n200  ZMB              Zambia  ...      DHS 2018      2018.0\n201  ZWE            Zimbabwe  ...     MICS 2019      2019.0\n\n[108 rows x 17 columns]","logger":"airflow.task.operators.airflow.providers.standard.operators.python.PythonOperator","filename":"python.py","lineno":215}
{"timestamp":"2025-11-13T23:00:44.972684Z","level":"info","event":"Pushing xcom","ti":"RuntimeTaskInstance(id=UUID('019a7f73-0eae-7c43-a5c6-741db220026d'), task_id='transform_upper_secondary', dag_id='out_school', run_id='scheduled__2025-11-13T00:00:00+00:00', try_number=1, dag_version_id=UUID('019a7f71-8f88-7c8b-9d85-16bedc3979af'), map_index=-1, hostname='4444cce162f7', context_carrier={}, task=<Task(PythonOperator): transform_upper_secondary>, bundle_instance=LocalDagBundle(name=dags-folder), max_tries=1, start_date=datetime.datetime(2025, 11, 13, 23, 0, 45, 455490, tzinfo=datetime.timezone.utc), end_date=None, state=<TaskInstanceState.RUNNING: 'running'>, is_mapped=False, rendered_map_index=None)","logger":"task","filename":"task_runner.py","lineno":1357}
{"timestamp":"2025-11-13T23:00:45.057413Z","level":"info","event":"Task instance in success state","logger":"task.stdout"}
{"timestamp":"2025-11-13T23:00:45.057618Z","level":"info","event":" Previous state of the Task instance: TaskInstanceState.RUNNING","logger":"task.stdout"}
{"timestamp":"2025-11-13T23:00:45.057820Z","level":"info","event":"Task operator:<Task(PythonOperator): transform_upper_secondary>","logger":"task.stdout"}
