{"timestamp":"2025-11-13T20:13:35.744152Z","level":"info","event":"DAG bundles loaded: dags-folder, example_dags","logger":"airflow.dag_processing.bundles.manager.DagBundlesManager","filename":"manager.py","lineno":179}
{"timestamp":"2025-11-13T20:13:35.745124Z","level":"info","event":"Filling up the DagBag from /opt/airflow/dags/outSchool.py","logger":"airflow.models.dagbag.DagBag","filename":"dagbag.py","lineno":593}
{"timestamp":"2025-11-13T20:13:35.796674Z","level":"info","event":"Task instance is in running state","logger":"task.stdout"}
{"timestamp":"2025-11-13T20:13:35.796838Z","level":"info","event":" Previous state of the Task instance: TaskInstanceState.QUEUED","logger":"task.stdout"}
{"timestamp":"2025-11-13T20:13:35.796941Z","level":"info","event":"Current task name:extract_upper_secondary","logger":"task.stdout"}
{"timestamp":"2025-11-13T20:13:35.796978Z","level":"info","event":"Dag name:out_school","logger":"task.stdout"}
{"timestamp":"2025-11-13T20:13:35.818489Z","level":"info","event":"    ISO3                 Countries and areas  ...   Data source Time period","logger":"task.stdout"}
{"timestamp":"2025-11-13T20:13:35.818632Z","level":"info","event":"0    AFG                         Afghanistan  ...      DHS 2015      2015.0","logger":"task.stdout"}
{"timestamp":"2025-11-13T20:13:35.818691Z","level":"info","event":"1    ALB                             Albania  ...   DHS 2017-18      2018.0","logger":"task.stdout"}
{"timestamp":"2025-11-13T20:13:35.818720Z","level":"info","event":"2    DZA                             Algeria  ...  MICS 2012-13      2013.0","logger":"task.stdout"}
{"timestamp":"2025-11-13T20:13:35.818743Z","level":"info","event":"3    AND                             Andorra  ...           NaN         NaN","logger":"task.stdout"}
{"timestamp":"2025-11-13T20:13:35.818766Z","level":"info","event":"4    AGO                              Angola  ...   DHS 2015-16      2016.0","logger":"task.stdout"}
{"timestamp":"2025-11-13T20:13:35.818790Z","level":"info","event":"..   ...                                 ...  ...           ...         ...","logger":"task.stdout"}
{"timestamp":"2025-11-13T20:13:35.818812Z","level":"info","event":"197  VEN  Venezuela (Bolivarian Republic of)  ...           NaN         NaN","logger":"task.stdout"}
{"timestamp":"2025-11-13T20:13:35.818834Z","level":"info","event":"198  VNM                            Viet Nam  ...     MICS 2014      2014.0","logger":"task.stdout"}
{"timestamp":"2025-11-13T20:13:35.818870Z","level":"info","event":"199  YEM                               Yemen  ...      DHS 2013      2013.0","logger":"task.stdout"}
{"timestamp":"2025-11-13T20:13:35.818904Z","level":"info","event":"200  ZMB                              Zambia  ...      DHS 2018      2018.0","logger":"task.stdout"}
{"timestamp":"2025-11-13T20:13:35.818927Z","level":"info","event":"201  ZWE                            Zimbabwe  ...     MICS 2019      2019.0","logger":"task.stdout"}
{"timestamp":"2025-11-13T20:13:35.818950Z","level":"info","event":"","logger":"task.stdout"}
{"timestamp":"2025-11-13T20:13:35.818975Z","level":"info","event":"[202 rows x 17 columns]","logger":"task.stdout"}
{"timestamp":"2025-11-13T20:13:35.832295Z","level":"info","event":"Done. Returned value was:     ISO3                 Countries and areas  ...   Data source Time period\n0    AFG                         Afghanistan  ...      DHS 2015      2015.0\n1    ALB                             Albania  ...   DHS 2017-18      2018.0\n2    DZA                             Algeria  ...  MICS 2012-13      2013.0\n3    AND                             Andorra  ...           NaN         NaN\n4    AGO                              Angola  ...   DHS 2015-16      2016.0\n..   ...                                 ...  ...           ...         ...\n197  VEN  Venezuela (Bolivarian Republic of)  ...           NaN         NaN\n198  VNM                            Viet Nam  ...     MICS 2014      2014.0\n199  YEM                               Yemen  ...      DHS 2013      2013.0\n200  ZMB                              Zambia  ...      DHS 2018      2018.0\n201  ZWE                            Zimbabwe  ...     MICS 2019      2019.0\n\n[202 rows x 17 columns]","logger":"airflow.task.operators.airflow.providers.standard.operators.python.PythonOperator","filename":"python.py","lineno":215}
{"timestamp":"2025-11-13T20:13:35.832638Z","level":"info","event":"Pushing xcom","ti":"RuntimeTaskInstance(id=UUID('019a7eda-1d41-7696-9180-0f61dbe6b27a'), task_id='extract_upper_secondary', dag_id='out_school', run_id='manual__2025-11-13T20:13:33+00:00', try_number=1, dag_version_id=UUID('019a7ed9-917d-73be-99b5-f425e464f6fe'), map_index=-1, hostname='6ec4bc9843c4', context_carrier={}, task=<Task(PythonOperator): extract_upper_secondary>, bundle_instance=LocalDagBundle(name=dags-folder), max_tries=1, start_date=datetime.datetime(2025, 11, 13, 20, 13, 35, 183229, tzinfo=datetime.timezone.utc), end_date=None, state=<TaskInstanceState.RUNNING: 'running'>, is_mapped=False, rendered_map_index=None)","logger":"task","filename":"task_runner.py","lineno":1357}
{"timestamp":"2025-11-13T20:13:35.877636Z","level":"info","event":"Task instance in success state","logger":"task.stdout"}
{"timestamp":"2025-11-13T20:13:35.877768Z","level":"info","event":" Previous state of the Task instance: TaskInstanceState.RUNNING","logger":"task.stdout"}
{"timestamp":"2025-11-13T20:13:35.877863Z","level":"info","event":"Task operator:<Task(PythonOperator): extract_upper_secondary>","logger":"task.stdout"}
